<?xml version="1.0" encoding="UTF-8"?>
<!-- Generated by org.testng.reporters.JUnitXMLReporter -->
<testsuite ignored="0" hostname="LAPTOP-PR59S391" failures="0" tests="3" name="Actual Test" time="19.6" errors="0" timestamp="2024-03-06T13:35:24 IST">
  <testcase classname="framework.tests.ActualTest" name="ActualTest" time="6.266"/>
  <testcase classname="framework.tests.ActualTest" name="ActualTest" time="4.199"/>
  <testcase classname="framework.tests.ActualTest" name="OrderHistoryTest" time="0.813"/>
</testsuite> <!-- Actual Test -->
